#
# There is insufficient memory for the Java Runtime Environment to continue.
# Native memory allocation (mmap) failed to map 532676608 bytes. Error detail: G1 virtual space
# Possible reasons:
#   The system is out of physical RAM or swap space
#   This process is running with CompressedOops enabled, and the Java Heap may be blocking the growth of the native heap
# Possible solutions:
#   Reduce memory load on the system
#   Increase physical memory or swap space
#   Check if swap backing store is full
#   Decrease Java heap size (-Xmx/-Xms)
#   Decrease number of Java threads
#   Decrease Java thread stack sizes (-Xss)
#   Set larger code cache with -XX:ReservedCodeCacheSize=
#   JVM is running with Zero Based Compressed Oops mode in which the Java heap is
#     placed in the first 32GB address space. The Java Heap base address is the
#     maximum limit for the native heap growth. Please use -XX:HeapBaseMinAddress
#     to set the Java Heap base and to place the Java Heap above 32GB virtual address.
# This output file may be truncated or incomplete.
#
#  Out of Memory Error (os_windows.cpp:3828), pid=57224, tid=22744
#
# JRE version:  (21.0.4) (build )
# Java VM: OpenJDK 64-Bit Server VM (21.0.4+-12508038-b607.1, mixed mode, sharing, tiered, compressed oops, compressed class ptrs, g1 gc, windows-amd64)
# No core dump will be written. Minidumps are not enabled by default on client versions of Windows
#

---------------  S U M M A R Y ------------

Command Line: org.jetbrains.kotlin.cli.jvm.K2JVMCompiler @D:\my\hht\app\build\20250220_14467665072675033909.compiler.options

Host: 13th Gen Intel(R) Core(TM) i5-13500H, 16 cores, 31G,  Windows 11 , 64 bit Build 22621 (10.0.22621.4830)
Time: Thu Feb 20 18:25:25 2025  Windows 11 , 64 bit Build 22621 (10.0.22621.4830) elapsed time: 0.015231 seconds (0d 0h 0m 0s)

---------------  T H R E A D  ---------------

Current thread (0x0000020783b5e550):  JavaThread "Unknown thread" [_thread_in_vm, id=22744, stack(0x0000009dab600000,0x0000009dab700000) (1024K)]

Stack: [0x0000009dab600000,0x0000009dab700000]
Native frames: (J=compiled Java code, j=interpreted, Vv=VM code, C=native code)
V  [jvm.dll+0x6ce539]
V  [jvm.dll+0x85bf03]
V  [jvm.dll+0x85e45e]
V  [jvm.dll+0x85eb43]
V  [jvm.dll+0x27dd06]
V  [jvm.dll+0x6cada5]
V  [jvm.dll+0x6bf27a]
V  [jvm.dll+0x3541fb]
V  [jvm.dll+0x35be36]
V  [jvm.dll+0x3adbc6]
V  [jvm.dll+0x3ade98]
V  [jvm.dll+0x32691c]
V  [jvm.dll+0x32760b]
V  [jvm.dll+0x823959]
V  [jvm.dll+0x3bacf8]
V  [jvm.dll+0x80cd58]
V  [jvm.dll+0x44ef2e]
V  [jvm.dll+0x450691]
C  [jli.dll+0x52ab]
C  [ucrtbase.dll+0x29333]
C  [KERNEL32.DLL+0x1259d]
C  [ntdll.dll+0x5af38]


---------------  P R O C E S S  ---------------

Threads class SMR info:
_java_thread_list=0x00007ffd1a6da808, length=0, elements={
}

Java Threads: ( => current thread )
Total: 0

Other Threads:
  0x0000020785df2f30 WorkerThread "GC Thread#0"                     [id=22728, stack(0x0000009dab700000,0x0000009dab800000) (1024K)]
  0x0000020785e05260 ConcurrentGCThread "G1 Main Marker"            [id=67356, stack(0x0000009dab800000,0x0000009dab900000) (1024K)]
  0x0000020785e05d60 WorkerThread "G1 Conc#0"                       [id=72716, stack(0x0000009dab900000,0x0000009daba00000) (1024K)]

[error occurred during error reporting (printing all threads), id 0xc0000005, EXCEPTION_ACCESS_VIOLATION (0xc0000005) at pc=0x00007ffd19ed9957]
VM state: not at safepoint (not fully initialized)

VM Mutex/Monitor currently owned by a thread:  ([mutex/lock_event])
[0x00007ffd1a7473f8] Heap_lock - owner thread: 0x0000020783b5e550

Heap address: 0x0000000604400000, size: 8124 MB, Compressed Oops mode: Zero based, Oop shift amount: 3

CDS archive(s) mapped at: [0x0000000000000000-0x0000000000000000-0x0000000000000000), size 0, SharedBaseAddress: 0x0000000800000000, ArchiveRelocationMode: 1.
Narrow klass base: 0x0000000000000000, Narrow klass shift: 0, Narrow klass range: 0x0

GC Precious Log:
 CardTable entry size: 512
 Card Set container configuration: InlinePtr #cards 4 size 8 Array Of Cards #cards 32 size 80 Howl #buckets 8 coarsen threshold 7372 Howl Bitmap #cards 1024 size 144 coarsen threshold 921 Card regions per heap region 1 cards per card region 8192

Heap:
 garbage-first heap   total 0K, used 0K [0x0000000604400000, 0x0000000800000000)
  region size 4096K, 0 young (0K), 0 survivors (0K)
 Metaspace       used 0K, committed 0K, reserved 0K
  class space    used 0K, committed 0K, reserved 0K

Heap Regions: E=young(eden), S=young(survivor), O=old, HS=humongous(starts), HC=humongous(continues), CS=collection set, F=free, TAMS=top-at-mark-start, PB=parsable bottom

Card table byte_map: [0x0000020799700000,0x000002079a6e0000] _byte_map_base: 0x00000207966de000

Marking Bits: (CMBitMap*) 0x0000020785df3630
 Bits: [0x000002079a6e0000, 0x00000207a25d0000)

GC Heap History (0 events):
No events

Dll operation events (1 events):
Event: 0.011 Loaded shared library D:\as\Android Studio\jbr\bin\java.dll

Deoptimization events (0 events):
No events

Classes loaded (0 events):
No events

Classes unloaded (0 events):
No events

Classes redefined (0 events):
No events

Internal exceptions (0 events):
No events

ZGC Phase Switch (0 events):
No events

VM Operations (0 events):
No events

Memory protections (0 events):
No events

Nmethod flushes (0 events):
No events

Events (0 events):
No events


Dynamic libraries:
0x00007ff710390000 - 0x00007ff71039a000 	D:\as\Android Studio\jbr\bin\java.exe
0x00007ffde2370000 - 0x00007ffde2587000 	C:\Windows\SYSTEM32\ntdll.dll
0x00007ffde1f70000 - 0x00007ffde2034000 	C:\Windows\System32\KERNEL32.DLL
0x00007ffddf6d0000 - 0x00007ffddfaa0000 	C:\Windows\System32\KERNELBASE.dll
0x00007ffddfaa0000 - 0x00007ffddfbb1000 	C:\Windows\System32\ucrtbase.dll
0x00007ffdbfe10000 - 0x00007ffdbfe2b000 	D:\as\Android Studio\jbr\bin\VCRUNTIME140.dll
0x00007ffdb3d50000 - 0x00007ffdb3d68000 	D:\as\Android Studio\jbr\bin\jli.dll
0x00007ffde09a0000 - 0x00007ffde0b4e000 	C:\Windows\System32\USER32.dll
0x00007ffddff70000 - 0x00007ffddff96000 	C:\Windows\System32\win32u.dll
0x00007ffde21f0000 - 0x00007ffde2219000 	C:\Windows\System32\GDI32.dll
0x00007ffddfbc0000 - 0x00007ffddfcdb000 	C:\Windows\System32\gdi32full.dll
0x00007ffdbf6a0000 - 0x00007ffdbf932000 	C:\Windows\WinSxS\amd64_microsoft.windows.common-controls_6595b64144ccf1df_6.0.22621.4830_none_270fe7d773858e80\COMCTL32.dll
0x00007ffddfd60000 - 0x00007ffddfdfa000 	C:\Windows\System32\msvcp_win.dll
0x00007ffde0560000 - 0x00007ffde0607000 	C:\Windows\System32\msvcrt.dll
0x00007ffde0120000 - 0x00007ffde0151000 	C:\Windows\System32\IMM32.DLL
0x00007ffdd5960000 - 0x00007ffdd596c000 	D:\as\Android Studio\jbr\bin\vcruntime140_1.dll
0x00007ffd39050000 - 0x00007ffd390dd000 	D:\as\Android Studio\jbr\bin\msvcp140.dll
0x00007ffd19ba0000 - 0x00007ffd1a823000 	D:\as\Android Studio\jbr\bin\server\jvm.dll
0x00007ffde03a0000 - 0x00007ffde0451000 	C:\Windows\System32\ADVAPI32.dll
0x00007ffde1990000 - 0x00007ffde1a37000 	C:\Windows\System32\sechost.dll
0x00007ffddf620000 - 0x00007ffddf648000 	C:\Windows\System32\bcrypt.dll
0x00007ffde0190000 - 0x00007ffde02a4000 	C:\Windows\System32\RPCRT4.dll
0x00007ffde0b50000 - 0x00007ffde0bc1000 	C:\Windows\System32\WS2_32.dll
0x00007ffdde480000 - 0x00007ffdde4cd000 	C:\Windows\SYSTEM32\POWRPROF.dll
0x00007ffdd4630000 - 0x00007ffdd463a000 	C:\Windows\SYSTEM32\VERSION.dll
0x00007ffdd57b0000 - 0x00007ffdd57e4000 	C:\Windows\SYSTEM32\WINMM.dll
0x00007ffdde460000 - 0x00007ffdde473000 	C:\Windows\SYSTEM32\UMPDC.dll
0x00007ffdde710000 - 0x00007ffdde728000 	C:\Windows\SYSTEM32\kernel.appcore.dll
0x00007ffdd2450000 - 0x00007ffdd245a000 	D:\as\Android Studio\jbr\bin\jimage.dll
0x00007ffddc9a0000 - 0x00007ffddcbd2000 	C:\Windows\SYSTEM32\DBGHELP.DLL
0x00007ffde0610000 - 0x00007ffde09a0000 	C:\Windows\System32\combase.dll
0x00007ffde0460000 - 0x00007ffde0537000 	C:\Windows\System32\OLEAUT32.dll
0x00007ffdd3140000 - 0x00007ffdd3172000 	C:\Windows\SYSTEM32\dbgcore.DLL
0x00007ffddfce0000 - 0x00007ffddfd5b000 	C:\Windows\System32\bcryptPrimitives.dll
0x00007ffdbad30000 - 0x00007ffdbad50000 	D:\as\Android Studio\jbr\bin\java.dll

dbghelp: loaded successfully - version: 4.0.5 - missing functions: none
symbol engine: initialized successfully - sym options: 0x614 - pdb path: .;D:\as\Android Studio\jbr\bin;C:\Windows\SYSTEM32;C:\Windows\WinSxS\amd64_microsoft.windows.common-controls_6595b64144ccf1df_6.0.22621.4830_none_270fe7d773858e80;D:\as\Android Studio\jbr\bin\server

VM Arguments:
java_command: org.jetbrains.kotlin.cli.jvm.K2JVMCompiler @D:\my\hht\app\build\20250220_14467665072675033909.compiler.options
java_class_path (initial): D:\as\.gradle\caches\modules-2\files-2.1\org.jetbrains.kotlin\kotlin-compiler-embeddable\2.0.0\1de310de3446414381282ffc46c3ed3919a4d1da\kotlin-compiler-embeddable-2.0.0.jar;D:\as\.gradle\caches\modules-2\files-2.1\org.jetbrains.kotlin\kotlin-stdlib\2.0.0\b48df2c4aede9586cc931ead433bc02d6fd7879e\kotlin-stdlib-2.0.0.jar;D:\as\.gradle\caches\modules-2\files-2.1\org.jetbrains.kotlin\kotlin-script-runtime\2.0.0\fdc27dd047d592fa41d2dfa21e7621287a361612\kotlin-script-runtime-2.0.0.jar;D:\as\.gradle\caches\modules-2\files-2.1\org.jetbrains.kotlin\kotlin-reflect\1.6.10\1cbe9c92c12a94eea200d23c2bbaedaf3daf5132\kotlin-reflect-1.6.10.jar;D:\as\.gradle\caches\modules-2\files-2.1\org.jetbrains.kotlin\kotlin-daemon-embeddable\2.0.0\b39c612768614c4428c96ee9c65477181fffe9d\kotlin-daemon-embeddable-2.0.0.jar;D:\as\.gradle\caches\modules-2\files-2.1\org.jetbrains.intellij.deps\trove4j\1.0.20200330\3afb14d5f9ceb459d724e907a21145e8ff394f02\trove4j-1.0.20200330.jar;D:\as\.gradle\caches\modules-2\files-2.1\org.jetbrains\annotations\13.0\919f0dfe192fb4e063e7dacadee7f8bb9a2672a9\annotations-13.0.jar
Launcher Type: SUN_STANDARD

[Global flags]
     intx CICompilerCount                          = 12                                        {product} {ergonomic}
     uint ConcGCThreads                            = 3                                         {product} {ergonomic}
     uint G1ConcRefinementThreads                  = 13                                        {product} {ergonomic}
   size_t G1HeapRegionSize                         = 4194304                                   {product} {ergonomic}
    uintx GCDrainStackTargetSize                   = 64                                        {product} {ergonomic}
   size_t InitialHeapSize                          = 532676608                                 {product} {ergonomic}
   size_t MarkStackSize                            = 4194304                                   {product} {ergonomic}
   size_t MaxHeapSize                              = 8518631424                                {product} {ergonomic}
   size_t MinHeapDeltaBytes                        = 4194304                                   {product} {ergonomic}
   size_t MinHeapSize                              = 8388608                                   {product} {ergonomic}
    uintx NonNMethodCodeHeapSize                   = 7602480                                {pd product} {ergonomic}
    uintx NonProfiledCodeHeapSize                  = 122027880                              {pd product} {ergonomic}
    uintx ProfiledCodeHeapSize                     = 122027880                              {pd product} {ergonomic}
    uintx ReservedCodeCacheSize                    = 251658240                              {pd product} {ergonomic}
     bool SegmentedCodeCache                       = true                                      {product} {ergonomic}
   size_t SoftMaxHeapSize                          = 8518631424                             {manageable} {ergonomic}
     bool UseCompressedOops                        = true                           {product lp64_product} {ergonomic}
     bool UseG1GC                                  = true                                      {product} {ergonomic}
     bool UseLargePagesIndividualAllocation        = false                                  {pd product} {ergonomic}

Logging:
Log output configuration:
 #0: stdout all=warning uptime,level,tags foldmultilines=false
 #1: stderr all=off uptime,level,tags foldmultilines=false

Environment Variables:
PATH=C:\Program Files (x86)\Microsoft\Edge\Application;C:\Users\15922\AppData\Local\Programs\Python\Python313\Scripts\;C:\Users\15922\AppData\Local\Programs\Python\Python313\;C:\Program Files\Common Files\Oracle\Java\javapath;C:\Program Files (x86)\Common Files\Oracle\Java\java8path;C:\Program Files (x86)\Common Files\Oracle\Java\javapath;C:\VulkanSDK\1.3.296.0\Bin;C:\VulkanSDK\1.3.290.0\Bin;C:\Windows\system32;C:\Windows;C:\Windows\System32\Wbem;C:\Windows\System32\WindowsPowerShell\v1.0\;C:\Windows\System32\OpenSSH\;C:\Program Files\Git\cmd;C:\Program Files\Bandizip\;C:\Program Files\dotnet\;C:\MinGW\bin;C:\MinGW\msys\1.0\bin;D:\gtk\bin;D:\ffmpeg-7.0.2-essentials_build\bin;;c:\Users\15922\AppData\Local\Programs\cursor\resources\app\bin;C:\Program Files (x86)\ZeroTier\One\;C:\Program Files\nodejs\;C:\ProgramData\chocolatey\bin;C:\Users\15922\.cargo\bin;C:\Users\15922\AppData\Local\Microsoft\WindowsApps;C:\Users\15922\AppData\Local\Programs\Microsoft VS Code\bin;C:\ghcup\bin;C:\Users\15922\AppData\Roaming\npm
USERNAME=15922
OS=Windows_NT
PROCESSOR_IDENTIFIER=Intel64 Family 6 Model 186 Stepping 2, GenuineIntel
TMP=C:\Users\15922\AppData\Local\Temp
TEMP=C:\Users\15922\AppData\Local\Temp




Periodic native trim disabled

JNI global refs:
JNI global refs: 0, weak refs: 0

JNI global refs memory usage: 0, weak refs: 0

Process memory usage:
Resident Set Size: 13224K (0% of 33272696K total physical memory with 4888096K free physical memory)

OOME stack traces (most recent first):
Classloader memory used:

---------------  S Y S T E M  ---------------

OS:
 Windows 11 , 64 bit Build 22621 (10.0.22621.4830)
OS uptime: 2 days 14:17 hours
Hyper-V role detected

CPU: total 16 (initial active 16) (8 cores per cpu, 2 threads per core) family 6 model 186 stepping 2 microcode 0x4114, cx8, cmov, fxsr, ht, mmx, 3dnowpref, sse, sse2, sse3, ssse3, sse4.1, sse4.2, popcnt, lzcnt, tsc, tscinvbit, avx, avx2, aes, erms, clmul, bmi1, bmi2, adx, sha, fma, vzeroupper, clflush, clflushopt, clwb, hv, serialize, rdtscp, rdpid, fsrm, f16c, cet_ibt, cet_ss
Processor Information for processor 0
  Max Mhz: 2600, Current Mhz: 2600, Mhz Limit: 2600
Processor Information for processor 1
  Max Mhz: 2600, Current Mhz: 2600, Mhz Limit: 2600
Processor Information for processor 2
  Max Mhz: 2600, Current Mhz: 2600, Mhz Limit: 2600
Processor Information for processor 3
  Max Mhz: 2600, Current Mhz: 2600, Mhz Limit: 2600
Processor Information for processor 4
  Max Mhz: 2600, Current Mhz: 2600, Mhz Limit: 2600
Processor Information for processor 5
  Max Mhz: 2600, Current Mhz: 2600, Mhz Limit: 2600
Processor Information for processor 6
  Max Mhz: 2600, Current Mhz: 2600, Mhz Limit: 2600
Processor Information for processor 7
  Max Mhz: 2600, Current Mhz: 2600, Mhz Limit: 2600
Processor Information for processor 8
  Max Mhz: 2600, Current Mhz: 1505, Mhz Limit: 2600
Processor Information for processor 9
  Max Mhz: 2600, Current Mhz: 1505, Mhz Limit: 2600
Processor Information for processor 10
  Max Mhz: 2600, Current Mhz: 1505, Mhz Limit: 2600
Processor Information for processor 11
  Max Mhz: 2600, Current Mhz: 2600, Mhz Limit: 2600
Processor Information for processor 12
  Max Mhz: 2600, Current Mhz: 2600, Mhz Limit: 2600
Processor Information for processor 13
  Max Mhz: 2600, Current Mhz: 2600, Mhz Limit: 2600
Processor Information for processor 14
  Max Mhz: 2600, Current Mhz: 2600, Mhz Limit: 2600
Processor Information for processor 15
  Max Mhz: 2600, Current Mhz: 2600, Mhz Limit: 2600

Memory: 4k page, system-wide physical 32492M (4773M free)
TotalPageFile size 38939M (AvailPageFile size 89M)
current process WorkingSet (physical memory assigned to process): 12M, peak: 12M
current process commit charge ("private bytes"): 71M, peak: 579M

vm_info: OpenJDK 64-Bit Server VM (21.0.4+-12508038-b607.1) for windows-amd64 JRE (21.0.4+-12508038-b607.1), built on 2024-10-16T17:23:34Z by "builder" with MS VC++ 16.10 / 16.11 (VS2019)

END.
